<?xml version="1.0" encoding="UTF-8"?>
<testng-results skipped="0" failed="0" ignored="0" total="1" passed="1">
  <reporter-output>
  </reporter-output>
  <suite name="Default suite" duration-ms="42" started-at="2019-07-22T12:35:34Z" finished-at="2019-07-22T12:35:34Z">
    <groups>
    </groups>
    <test name="Default test" duration-ms="42" started-at="2019-07-22T12:35:34Z" finished-at="2019-07-22T12:35:34Z">
      <class name="one.Oneclass">
        <test-method status="PASS" signature="A()[pri:0, instance:one.Oneclass@376b4233]" name="A" duration-ms="12" started-at="2019-07-22T12:35:34Z" finished-at="2019-07-22T12:35:34Z">
          <reporter-output>
          </reporter-output>
        </test-method> <!-- A -->
      </class> <!-- one.Oneclass -->
    </test> <!-- Default test -->
  </suite> <!-- Default suite -->
</testng-results>
